Reading netlist file: "/home/ruslancer/Desktop/hdmi/impl/gwsynthesis/hdmi.vg"
Parsing netlist file "/home/ruslancer/Desktop/hdmi/impl/gwsynthesis/hdmi.vg" completed
Processing netlist completed
Reading constraint file: "/home/ruslancer/Desktop/hdmi/src/hdmi.cst"
Physical Constraint parsed completed
Running placement......
[10%] Placement Phase 0 completed
[20%] Placement Phase 1 completed
[30%] Placement Phase 2 completed
WARN  (TA1132) :  'u_clkdiv/CLKOUT.default_gen_clk' was determined to be a clock but was not created.
[50%] Placement Phase 3 completed
Running routing......
[60%] Routing Phase 0 completed
[70%] Routing Phase 1 completed
[80%] Routing Phase 2 completed
WARN  (PR1014) : Generic routing resource will be used to clock signal 'I_clk_d' by the specified constraint. And then it may lead to the excessive delay or skew
[90%] Routing Phase 3 completed
Running timing analysis......
[95%] Timing analysis completed
Placement and routing completed
Bitstream generation in progress......
Bitstream generation completed
Running power analysis......
[100%] Power analysis completed
Generate file "/home/ruslancer/Desktop/hdmi/impl/pnr/hdmi.power.html" completed
Generate file "/home/ruslancer/Desktop/hdmi/impl/pnr/hdmi.pin.html" completed
Generate file "/home/ruslancer/Desktop/hdmi/impl/pnr/hdmi.rpt.html" completed
Generate file "/home/ruslancer/Desktop/hdmi/impl/pnr/hdmi.rpt.txt" completed
Generate file "/home/ruslancer/Desktop/hdmi/impl/pnr/hdmi.tr.html" completed
Thu Aug 14 17:18:52 2025

